
1: <script type="text/javascript">//<![CDATA[
                                  --^        
found < where term expected (previous token underlined)

Unterminated <> operator?

8: <div  dojoType="dijit.layout.ContentPane" region="leading">
                  -------------------------- ^                
found bareword where operator expected (previous token underlined)

There is no previous '{' to match a '}' on line 10
10: <% foreach my $place ( @{ $self->{'places'} } ) { %>
                                                ^

There is no previous '(' to match a ')' on line 10
10: <% foreach my $place ( @{ $self->{'places'} } ) { %>
                                                  ^
10:	syntax error at ') {', didn't see one of: case elsif for foreach given if switch unless until when while
10:	Starting negative indentation

12: <div dojoType="dijit.TitlePane" title="<%= $place->title %>" id= ...
                  ----------------- ^                                   
found bareword where operator expected (previous token underlined)

12: ... ePane" title="<%= $place->title %>" id="place_<%= $place->place_ ...
                     ---------------------- ^                               
found bareword where operator expected (previous token underlined)

12: ...  id="place_<%= $place->place_id %>" style="margin-bottom: 15px;" ...
            ------------------------------- ^                               
found bareword where operator expected (previous token underlined)

14: ... ript:dijit.byId('dialog_<%= $place->place_id %>').show()">
    ----------------------------------------^                     
found bareword where operator expected (previous token underlined)

Final nesting depth of '{'s is 1
The most recent un-matched '{' is on line 10
10: <% foreach my $place ( @{ $self->{'places'} } ) { %>
                                                    ^
99:	hit EOF seeking end of quote/pattern starting at line 14 ending in '
99:	To save a full .LOG file rerun with -g
